[12:05:08] [Client thread/INFO]: Setting user: TNTChina
[12:05:08] [Client thread/INFO]: (Session ID is token:0:TNTChina)
[12:05:12] [Client thread/INFO]: [OptiFine] *** Reflector Forge ***
[12:05:12] [Client thread/INFO]: [OptiFine] (Reflector) Class not present: net.minecraftforge.client.model.Attributes
[12:05:12] [Client thread/INFO]: [OptiFine] (Reflector) Class not present: mods.betterfoliage.client.BetterFoliageClient
[12:05:12] [Client thread/INFO]: [OptiFine] (Reflector) Class not present: net.minecraftforge.fml.common.asm.transformers.BlamingTransformer
[12:05:12] [Client thread/INFO]: [OptiFine] (Reflector) Class not present: net.minecraftforge.event.world.ChunkWatchEvent$UnWatch
[12:05:12] [Client thread/INFO]: [OptiFine] (Reflector) Class not present: net.minecraftforge.fml.relauncher.CoreModManager
[12:05:12] [Client thread/INFO]: [OptiFine] (Reflector) Class not present: net.minecraftforge.common.DimensionManager
[12:05:12] [Client thread/INFO]: [OptiFine] (Reflector) Class not present: net.minecraftforge.client.event.GuiScreenEvent$DrawScreenEvent$Pre
[12:05:12] [Client thread/INFO]: [OptiFine] (Reflector) Class not present: net.minecraftforge.client.event.GuiScreenEvent$DrawScreenEvent$Post
[12:05:12] [Client thread/INFO]: [OptiFine] (Reflector) Class not present: net.minecraftforge.client.event.EntityViewRenderEvent$CameraSetup
[12:05:12] [Client thread/INFO]: [OptiFine] (Reflector) Class not present: net.minecraftforge.client.event.EntityViewRenderEvent$FogColors
[12:05:12] [Client thread/INFO]: [OptiFine] (Reflector) Class not present: net.minecraftforge.fml.common.eventhandler.Event
[12:05:12] [Client thread/INFO]: [OptiFine] (Reflector) Class not present: net.minecraftforge.fml.common.eventhandler.EventBus
[12:05:12] [Client thread/INFO]: [OptiFine] (Reflector) Class not present: net.minecraftforge.fml.common.eventhandler.Event$Result
[12:05:12] [Client thread/INFO]: [OptiFine] (Reflector) Class not present: net.minecraftforge.common.property.ExtendedBlockState
[12:05:12] [Client thread/INFO]: [OptiFine] (Reflector) Class not present: net.minecraftforge.fml.client.FMLClientHandler
[12:05:12] [Client thread/INFO]: [OptiFine] (Reflector) Class not present: net.minecraftforge.fml.common.FMLCommonHandler
[12:05:12] [Client thread/INFO]: [OptiFine] (Reflector) Method not present: net.minecraft.world.biome.BiomeGenBase.getWaterColorMultiplier
[12:05:12] [Client thread/INFO]: [OptiFine] (Reflector) Method not present: net.minecraft.block.Block.addDestroyEffects
[12:05:12] [Client thread/INFO]: [OptiFine] (Reflector) Method not present: net.minecraft.block.Block.addHitEffects
[12:05:12] [Client thread/INFO]: [OptiFine] (Reflector) Method not present: net.minecraft.block.Block.canCreatureSpawn
[12:05:12] [Client thread/INFO]: [OptiFine] (Reflector) Method not present: net.minecraft.block.Block.canRenderInLayer
[12:05:12] [Client thread/INFO]: [OptiFine] (Reflector) Method not present: net.minecraft.block.Block.doesSideBlockRendering
[12:05:12] [Client thread/INFO]: [OptiFine] (Reflector) Method not present: net.minecraft.block.Block.getBedDirection
[12:05:12] [Client thread/INFO]: [OptiFine] (Reflector) Method not present: net.minecraft.block.Block.getExtendedState
[12:05:12] [Client thread/INFO]: [OptiFine] (Reflector) Method not present: net.minecraft.block.Block.hasTileEntity
[12:05:12] [Client thread/INFO]: [OptiFine] (Reflector) Method not present: net.minecraft.block.Block.isAir
[12:05:12] [Client thread/INFO]: [OptiFine] (Reflector) Method not present: net.minecraft.block.Block.isBed
[12:05:12] [Client thread/INFO]: [OptiFine] (Reflector) Method not present: net.minecraft.block.Block.isBedFoot
[12:05:12] [Client thread/INFO]: [OptiFine] (Reflector) Method not present: net.minecraft.block.Block.isSideSolid
[12:05:12] [Client thread/INFO]: [OptiFine] (Reflector) Method not present: net.minecraft.entity.Entity.canRiderInteract
[12:05:12] [Client thread/INFO]: [OptiFine] (Reflector) Field not present: net.minecraft.entity.Entity.captureDrops
[12:05:12] [Client thread/INFO]: [OptiFine] (Reflector) Field not present: net.minecraft.entity.Entity.capturedDrops
[12:05:12] [Client thread/INFO]: [OptiFine] (Reflector) Method not present: net.minecraft.entity.Entity.shouldRenderInPass
[12:05:12] [Client thread/INFO]: [OptiFine] (Reflector) Method not present: net.minecraft.entity.Entity.shouldRiderSit
[12:05:12] [Client thread/INFO]: [OptiFine] (Reflector) Class not present: net.minecraftforge.event.ForgeEventFactory
[12:05:12] [Client thread/INFO]: [OptiFine] (Reflector) Class not present: net.minecraftforge.common.ForgeHooks
[12:05:12] [Client thread/INFO]: [OptiFine] (Reflector) Class not present: net.minecraftforge.client.ForgeHooksClient
[12:05:12] [Client thread/INFO]: [OptiFine] (Reflector) Method not present: net.minecraft.item.Item.getDurabilityForDisplay
[12:05:12] [Client thread/INFO]: [OptiFine] (Reflector) Method not present: net.minecraft.item.Item.getModel
[12:05:12] [Client thread/INFO]: [OptiFine] (Reflector) Method not present: net.minecraft.item.Item.onEntitySwing
[12:05:12] [Client thread/INFO]: [OptiFine] (Reflector) Method not present: net.minecraft.item.Item.shouldCauseReequipAnimation
[12:05:12] [Client thread/INFO]: [OptiFine] (Reflector) Method not present: net.minecraft.item.Item.showDurabilityBar
[12:05:12] [Client thread/INFO]: [OptiFine] (Reflector) Method not present: net.minecraft.item.ItemRecord.getRecordResource
[12:05:12] [Client thread/INFO]: [OptiFine] (Reflector) Class not present: net.minecraftforge.common.ForgeModContainer
[12:05:12] [Client thread/INFO]: [OptiFine] (Reflector) Method not present: net.minecraft.potion.PotionEffect.isCurativeItem
[12:05:12] [Client thread/INFO]: [OptiFine] (Reflector) Method not present: net.minecraft.tileentity.TileEntity.canRenderBreaking
[12:05:12] [Client thread/INFO]: [OptiFine] (Reflector) Method not present: net.minecraft.tileentity.TileEntity.getRenderBoundingBox
[12:05:12] [Client thread/INFO]: [OptiFine] (Reflector) Method not present: net.minecraft.tileentity.TileEntity.hasFastRenderer
[12:05:12] [Client thread/INFO]: [OptiFine] (Reflector) Method not present: net.minecraft.tileentity.TileEntity.shouldRenderInPass
[12:05:12] [Client thread/INFO]: [OptiFine] (Reflector) Method not present: net.minecraft.client.renderer.tileentity.TileEntityRendererDispatcher.preDrawBatch
[12:05:12] [Client thread/INFO]: [OptiFine] (Reflector) Method not present: net.minecraft.client.renderer.tileentity.TileEntityRendererDispatcher.drawBatch
[12:05:12] [Client thread/INFO]: [OptiFine] (Reflector) Method not present: net.minecraft.client.renderer.vertex.VertexFormatElement$EnumUsage.preDraw
[12:05:12] [Client thread/INFO]: [OptiFine] (Reflector) Method not present: net.minecraft.client.renderer.vertex.VertexFormatElement$EnumUsage.postDraw
[12:05:12] [Client thread/INFO]: [OptiFine] (Reflector) Method not present: net.minecraft.world.World.countEntities
[12:05:12] [Client thread/INFO]: [OptiFine] (Reflector) Method not present: net.minecraft.world.World.getPerWorldStorage
[12:05:12] [Client thread/INFO]: [OptiFine] (Reflector) Method not present: net.minecraft.world.WorldProvider.getCloudRenderer
[12:05:12] [Client thread/INFO]: [OptiFine] (Reflector) Method not present: net.minecraft.world.WorldProvider.getSkyRenderer
[12:05:12] [Client thread/INFO]: [OptiFine] (Reflector) Method not present: net.minecraft.world.WorldProvider.getWeatherRenderer
[12:05:12] [Client thread/INFO]: [OptiFine] (Reflector) Class not present: net.minecraftforge.fml.client.GuiModList
[12:05:12] [Client thread/INFO]: [OptiFine] (Reflector) Class not present: net.minecraftforge.client.model.IColoredBakedQuad
[12:05:12] [Client thread/INFO]: [OptiFine] (Reflector) Class not present: net.minecraftforge.common.property.IExtendedBlockState
[12:05:12] [Client thread/INFO]: [OptiFine] (Reflector) Class not present: net.minecraftforge.client.IRenderHandler
[12:05:12] [Client thread/INFO]: [OptiFine] (Reflector) Class not present: net.minecraftforge.client.model.ISmartBlockModel
[12:05:12] [Client thread/INFO]: [OptiFine] (Reflector) Class not present: net.minecraftforge.client.ItemModelMesherForge
[12:05:12] [Client thread/INFO]: [OptiFine] (Reflector) Class not present: net.minecraft.launchwrapper.Launch
[12:05:12] [Client thread/INFO]: [OptiFine] (Reflector) Class not present: net.minecraftforge.client.model.pipeline.LightUtil
[12:05:12] [Client thread/INFO]: [OptiFine] (Reflector) Class not present: net.minecraftforge.common.MinecraftForge
[12:05:12] [Client thread/INFO]: [OptiFine] (Reflector) Class not present: net.minecraftforge.client.MinecraftForgeClient
[12:05:12] [Client thread/INFO]: [OptiFine] (Reflector) Class not present: net.minecraftforge.client.model.ModelLoader
[12:05:12] [Client thread/INFO]: [OptiFine] (Reflector) Class not present: net.minecraftforge.client.event.RenderBlockOverlayEvent$OverlayType
[12:05:12] [Client thread/INFO]: [OptiFine] (Reflector) Class not present: net.minecraftforge.fml.client.registry.RenderingRegistry
[12:05:12] [Client thread/INFO]: [OptiFine] (Reflector) Class not present: net.minecraftforge.client.event.RenderItemInFrameEvent
[12:05:12] [Client thread/INFO]: [OptiFine] (Reflector) Class not present: net.minecraftforge.client.event.RenderLivingEvent$Pre
[12:05:12] [Client thread/INFO]: [OptiFine] (Reflector) Class not present: net.minecraftforge.client.event.RenderLivingEvent$Post
[12:05:12] [Client thread/INFO]: [OptiFine] (Reflector) Class not present: net.minecraftforge.client.event.RenderLivingEvent$Specials$Pre
[12:05:12] [Client thread/INFO]: [OptiFine] (Reflector) Class not present: net.minecraftforge.client.event.RenderLivingEvent$Specials$Post
[12:05:12] [Client thread/INFO]: [OptiFine] (Reflector) Class not present: net.minecraftforge.fml.client.SplashProgress
[12:05:12] [Client thread/INFO]: [OptiFine] (Reflector) Class not present: net.minecraftforge.event.world.WorldEvent$Load
[12:05:12] [Client thread/INFO]: [OptiFine] *** Reflector Vanilla ***
[12:05:12] [Client thread/INFO]: [OptiFine] (Reflector) Class not present: optifine.OptiFineClassTransformer
[12:05:12] [Client thread/INFO]: LWJGL Version: 2.9.4
[12:05:13] [Client thread/INFO]: [OptiFine] 
[12:05:13] [Client thread/INFO]: [OptiFine] OptiFine_1.8.8_HD_U_H8
[12:05:13] [Client thread/INFO]: [OptiFine] Build: null
[12:05:13] [Client thread/INFO]: [OptiFine] OS: Windows 8.1 (amd64) version 6.3
[12:05:13] [Client thread/INFO]: [OptiFine] Java: 1.8.0_181, Oracle Corporation
[12:05:13] [Client thread/INFO]: [OptiFine] VM: Java HotSpot(TM) 64-Bit Server VM (mixed mode), Oracle Corporation
[12:05:13] [Client thread/INFO]: [OptiFine] LWJGL: 2.9.4
[12:05:13] [Client thread/INFO]: [OptiFine] OpenGL: Intel(R) HD Graphics, version 3.1.0 - Build 9.17.10.4229, Intel
[12:05:13] [Client thread/INFO]: [OptiFine] OpenGL Version: 3.1.0
[12:05:13] [Client thread/INFO]: [OptiFine] OpenGL Fancy fog: Not available (GL_NV_fog_distance)
[12:05:13] [Client thread/INFO]: [OptiFine] Maximum texture size: 8192x8192
[12:05:13] [Client thread/INFO]: [Shaders] ShadersMod version: 2.4.12
[12:05:13] [Client thread/INFO]: [Shaders] OpenGL Version: 3.1.0 - Build 9.17.10.4229
[12:05:13] [Client thread/INFO]: [Shaders] Vendor:  Intel
[12:05:13] [Client thread/INFO]: [Shaders] Renderer: Intel(R) HD Graphics
[12:05:13] [Client thread/INFO]: [Shaders] Capabilities:  2.0  2.1  3.0  -  - 
[12:05:13] [Client thread/INFO]: [Shaders] GL_MAX_DRAW_BUFFERS: 8
[12:05:13] [Client thread/INFO]: [Shaders] GL_MAX_COLOR_ATTACHMENTS_EXT: 8
[12:05:13] [Client thread/INFO]: [Shaders] GL_MAX_TEXTURE_IMAGE_UNITS: 16
[12:05:13] [Client thread/INFO]: [Shaders] Load ShadersMod configuration.
[12:05:13] [Client thread/INFO]: [Shaders] Save ShadersMod configuration.
[12:05:13] [Client thread/INFO]: [Shaders] Shaders can not be loaded, Fast Render is enabled.
[12:05:13] [Client thread/INFO]: [Shaders] No shaderpack loaded.
[12:05:13] [Thread-64/INFO]: [OptiFine] Checking for new version
[12:05:13] [Client thread/INFO]: Reloading ResourceManager: Default
[12:05:13] [Client thread/INFO]: [OptiFine] *** Reloading textures ***
[12:05:13] [Client thread/INFO]: [OptiFine] Resource packs: Default
[12:05:13] [Client thread/ERROR]: Couldn't initialize twitch stream
[12:05:13] [Sound Library Loader/INFO]: Starting up SoundSystem...
[12:05:14] [Thread-65/INFO]: Initializing LWJGL OpenAL
[12:05:14] [Thread-65/INFO]: (The LWJGL binding of OpenAL.  For more information, see http://www.lwjgl.org)
[12:05:16] [Client thread/INFO]: [OptiFine] Multitexture: false
[12:05:17] [Client thread/INFO]: Created: 512x512 textures-atlas
[12:05:18] [Thread-64/INFO]: [OptiFine] Version found: I7
[12:05:20] [Client thread/INFO]: [OptiFine] *** Reloading custom textures ***
[12:05:20] [Client thread/INFO]: [OptiFine] Enable face culling: acacia_leaves, birch_leaves, dark_oak_leaves, jungle_leaves, oak_leaves, spruce_leaves
[12:05:21] [Thread-65/INFO]: OpenAL initialized.
[12:05:21] [Sound Library Loader/INFO]: Sound engine started
[12:05:46] [Server thread/INFO]: Starting integrated minecraft server version 1.8.8
[12:05:46] [Server thread/INFO]: Generating keypair
[12:05:46] [Server thread/INFO]: Preparing start region for level 0
[12:05:47] [Server thread/INFO]: Preparing spawn area: 90%
[12:05:47] [Server thread/INFO]: Changing view distance to 6, from 10
[12:05:49] [Server thread/INFO]: TNTChina[local:E:a1d02e0b] logged in with entity id 247 at (578.4655393752777, 73.39999994145394, 176.45895878939143)
[12:05:49] [Server thread/INFO]: TNTChina 加入了游戏
[12:05:50] [Client thread/INFO]: [CHAT] 新的§eOptiFine§f版本现已可用：§eHD Ultra I7§f
[12:05:50] [Server thread/INFO]: Saving and pausing game...
[12:05:51] [Server thread/INFO]: Saving chunks for level 'mcpworld'/Overworld
[12:05:51] [Server thread/INFO]: Saving chunks for level 'mcpworld'/Nether
[12:05:51] [Server thread/INFO]: Saving chunks for level 'mcpworld'/The End
[12:05:58] [Client thread/INFO]: Key W's code: 17
[12:06:00] [Client thread/INFO]: Key LCONTROL's code: 29
[12:06:00] [Client thread/INFO]: Key W's code: 17
[12:06:03] [Client thread/INFO]: Key F's code: 33
[12:06:04] [Client thread/INFO]: Key D's code: 32
[12:06:04] [Client thread/INFO]: Key LCONTROL's code: 29
[12:06:04] [Client thread/INFO]: Key SPACE's code: 57
[12:06:05] [Client thread/INFO]: Key ESCAPE's code: 1
[12:06:06] [Server thread/INFO]: Saving and pausing game...
[12:06:06] [Server thread/INFO]: Saving chunks for level 'mcpworld'/Overworld
[12:06:07] [Server thread/INFO]: Saving chunks for level 'mcpworld'/Nether
[12:06:07] [Server thread/INFO]: Saving chunks for level 'mcpworld'/The End
[12:06:17] [Client thread/INFO]: Key S's code: 31
[12:06:18] [Client thread/INFO]: Key S's code: 31
[12:06:20] [Client thread/INFO]: Key W's code: 17
[12:06:20] [Client thread/INFO]: Key S's code: 31
[12:06:29] [Client thread/INFO]: Key W's code: 17
[12:06:30] [Client thread/INFO]: Key W's code: 17
[12:06:31] [Client thread/INFO]: Key W's code: 17
[12:06:32] [Client thread/INFO]: Key E's code: 18
[12:06:44] [Client thread/INFO]: Key LCONTROL's code: 29
[12:06:44] [Client thread/INFO]: Key W's code: 17
[12:06:47] [Client thread/INFO]: Key SPACE's code: 57
[12:06:48] [Client thread/INFO]: Key SPACE's code: 57
[12:06:49] [Client thread/INFO]: Key D's code: 32
[12:06:49] [Client thread/INFO]: Key SPACE's code: 57
[12:06:50] [Client thread/INFO]: Key SPACE's code: 57
[12:06:50] [Client thread/INFO]: Key SPACE's code: 57
[12:06:53] [Client thread/INFO]: Key RSHIFT's code: 54
[12:06:57] [Client thread/INFO]: Key W's code: 17
[12:06:57] [Client thread/INFO]: Key LCONTROL's code: 29
[12:06:58] [Client thread/INFO]: Key E's code: 18
[12:07:05] [Client thread/INFO]: Key W's code: 17
[12:07:05] [Client thread/INFO]: Key LCONTROL's code: 29
[12:07:06] [Client thread/INFO]: Key W's code: 17
[12:07:06] [Client thread/INFO]: Key SPACE's code: 57
[12:07:07] [Client thread/INFO]: Key W's code: 17
[12:07:07] [Client thread/INFO]: Key SPACE's code: 57
[12:07:09] [Client thread/INFO]: Key H's code: 35
[12:07:11] [Client thread/INFO]: Key W's code: 17
[12:07:12] [Client thread/INFO]: Key LCONTROL's code: 29
[12:07:12] [Client thread/INFO]: Key SPACE's code: 57
[12:07:14] [Client thread/INFO]: Key H's code: 35
[12:07:15] [Client thread/INFO]: Key LCONTROL's code: 29
[12:07:15] [Client thread/INFO]: Key D's code: 32
[12:07:17] [Client thread/INFO]: Key SPACE's code: 57
[12:07:19] [Client thread/INFO]: Key A's code: 30
[12:07:19] [Client thread/INFO]: Key SPACE's code: 57
[12:07:20] [Client thread/INFO]: Key SPACE's code: 57
[12:07:20] [Client thread/INFO]: Key W's code: 17
[12:07:21] [Client thread/INFO]: Key SPACE's code: 57
[12:07:21] [Client thread/INFO]: Key F's code: 33
[12:07:21] [Client thread/INFO]: Key SPACE's code: 57
[12:07:22] [Client thread/INFO]: Key W's code: 17
[12:07:22] [Client thread/INFO]: Key SPACE's code: 57
[12:07:23] [Client thread/INFO]: Key S's code: 31
[12:07:23] [Client thread/INFO]: Key W's code: 17
[12:07:25] [Client thread/INFO]: Key W's code: 17
[12:07:25] [Client thread/INFO]: Key W's code: 17
[12:07:25] [Client thread/INFO]: Key SPACE's code: 57
[12:07:28] [Client thread/INFO]: Key D's code: 32
[12:07:28] [Client thread/INFO]: Key W's code: 17
[12:07:29] [Client thread/INFO]: Key W's code: 17
[12:07:29] [Client thread/INFO]: Key D's code: 32
[12:07:30] [Client thread/INFO]: Key W's code: 17
[12:07:31] [Client thread/INFO]: Key S's code: 31
[12:07:37] [Client thread/INFO]: Key D's code: 32
[12:07:38] [Client thread/INFO]: Key D's code: 32
[12:07:39] [Client thread/INFO]: Key W's code: 17
[12:07:39] [Client thread/INFO]: Key A's code: 30
[12:07:41] [Client thread/INFO]: Key S's code: 31
[12:07:43] [Client thread/INFO]: Key S's code: 31
[12:07:43] [Client thread/INFO]: Key W's code: 17
[12:07:44] [Client thread/INFO]: Key W's code: 17
[12:07:46] [Client thread/INFO]: Key S's code: 31
[12:07:46] [Client thread/INFO]: Key W's code: 17
[12:07:47] [Client thread/INFO]: Key D's code: 32
[12:07:48] [Client thread/INFO]: Key W's code: 17
[12:07:53] [Client thread/INFO]: Key W's code: 17
[12:07:53] [Client thread/INFO]: Key LCONTROL's code: 29
[12:07:53] [Client thread/INFO]: Key F's code: 33
[12:07:54] [Client thread/INFO]: Key SPACE's code: 57
[12:07:55] [Client thread/INFO]: Key W's code: 17
[12:07:57] [Client thread/INFO]: Key LCONTROL's code: 29
[12:07:57] [Client thread/INFO]: Key LCONTROL's code: 29
[12:07:57] [Client thread/INFO]: Key W's code: 17
[12:07:58] [Client thread/INFO]: Key W's code: 17
[12:07:58] [Client thread/INFO]: Key LCONTROL's code: 29
[12:07:58] [Client thread/INFO]: Key W's code: 17
[12:07:58] [Client thread/INFO]: Key LCONTROL's code: 29
[12:07:59] [Client thread/INFO]: Key SPACE's code: 57
[12:07:59] [Client thread/INFO]: Key W's code: 17
[12:07:59] [Client thread/INFO]: Key LCONTROL's code: 29
[12:08:03] [Client thread/INFO]: Key E's code: 18
[12:08:07] [Client thread/INFO]: Key E's code: 18
[12:08:30] [Client thread/INFO]: Key W's code: 17
[12:08:31] [Client thread/INFO]: Key R's code: 19
[12:08:31] [Client thread/INFO]: Key W's code: 17
[12:08:32] [Client thread/INFO]: Key W's code: 17
[12:08:32] [Client thread/INFO]: Key SPACE's code: 57
[12:08:33] [Client thread/INFO]: Key W's code: 17
[12:08:33] [Client thread/INFO]: Key SPACE's code: 57
[12:08:35] [Client thread/INFO]: Key LCONTROL's code: 29
[12:08:35] [Client thread/INFO]: Key W's code: 17
[12:08:35] [Client thread/INFO]: Key SPACE's code: 57
[12:08:36] [Client thread/INFO]: Key LCONTROL's code: 29
[12:08:36] [Client thread/INFO]: Key W's code: 17
[12:08:38] [Client thread/INFO]: Key SPACE's code: 57
[12:08:38] [Client thread/INFO]: Key H's code: 35
[12:08:39] [Client thread/INFO]: Key H's code: 35
[12:08:39] [Client thread/INFO]: Key SPACE's code: 57
[12:08:40] [Client thread/INFO]: Key H's code: 35
[12:08:40] [Client thread/INFO]: Key SPACE's code: 57
[12:08:41] [Client thread/INFO]: Key H's code: 35
[12:08:41] [Client thread/INFO]: Key SPACE's code: 57
[12:08:41] [Client thread/INFO]: Key LCONTROL's code: 29
[12:08:41] [Client thread/INFO]: Key SPACE's code: 57
[12:08:42] [Client thread/INFO]: Key H's code: 35
[12:08:42] [Client thread/INFO]: Key H's code: 35
[12:08:45] [Client thread/INFO]: Key R's code: 19
[12:08:46] [Client thread/INFO]: Key W's code: 17
[12:08:46] [Client thread/INFO]: Key LCONTROL's code: 29
[12:08:52] [Server thread/INFO]: TNTChina 被 骷髅 射杀
[12:08:52] [Client thread/INFO]: [CHAT] TNTChina 被 骷髅 射杀
[12:08:53] [Server thread/INFO]: Saving and pausing game...
[12:08:53] [Server thread/INFO]: Saving chunks for level 'mcpworld'/Overworld
[12:08:53] [Server thread/INFO]: Saving chunks for level 'mcpworld'/Nether
[12:08:53] [Server thread/INFO]: Saving chunks for level 'mcpworld'/The End
[12:08:55] [Client thread/WARN]: Biome ID is out of bounds: 2049, defaulting to 0 (Ocean)
[12:08:55] [Client thread/WARN]: Biome ID is out of bounds: 2049, defaulting to 0 (Ocean)
[12:08:55] [Client thread/WARN]: Biome ID is out of bounds: 2049, defaulting to 0 (Ocean)
[12:08:55] [Client thread/WARN]: Biome ID is out of bounds: 2049, defaulting to 0 (Ocean)
[12:08:55] [Client thread/WARN]: Biome ID is out of bounds: 2049, defaulting to 0 (Ocean)
[12:08:55] [Client thread/WARN]: Biome ID is out of bounds: 2049, defaulting to 0 (Ocean)
[12:08:55] [Client thread/ERROR]: Item entity 819 has no item?!
[12:08:55] [Client thread/INFO]: Key ESCAPE's code: 1
[12:08:55] [Server thread/INFO]: Saving and pausing game...
[12:08:56] [Server thread/INFO]: Saving chunks for level 'mcpworld'/Overworld
[12:08:56] [Server thread/INFO]: Saving chunks for level 'mcpworld'/Nether
[12:08:56] [Server thread/INFO]: Saving chunks for level 'mcpworld'/The End
[12:08:56] [Server thread/INFO]: Stopping server
[12:08:56] [Server thread/INFO]: Saving players
[12:08:56] [Server thread/INFO]: Saving worlds
[12:08:56] [Server thread/INFO]: Saving chunks for level 'mcpworld'/Overworld
[12:08:56] [Server thread/INFO]: Saving chunks for level 'mcpworld'/Nether
[12:08:56] [Server thread/INFO]: Saving chunks for level 'mcpworld'/The End
[12:09:01] [Client thread/INFO]: Stopping!
[12:09:01] [Client thread/INFO]: SoundSystem shutting down...
[12:09:01] [Client thread/WARN]: Author: Paul Lamb, www.paulscode.com
