#
# A fatal error has been detected by the Java Runtime Environment:
#
#  EXCEPTION_ACCESS_VIOLATION (0xc0000005) at pc=0x00007ffeb58d187e, pid=6116, tid=0x00000000000014d4
#
# JRE version: Java(TM) SE Runtime Environment (8.0_181-b13) (build 1.8.0_181-b13)
# Java VM: Java HotSpot(TM) 64-Bit Server VM (25.181-b13 mixed mode windows-amd64 compressed oops)
# Problematic frame:
# C  [ig4icd64.dll+0x1187e]
#
# Failed to write core dump. Minidumps are not enabled by default on client versions of Windows
#
# If you would like to submit a bug report, please visit:
#   http://bugreport.java.com/bugreport/crash.jsp
# The crash happened outside the Java Virtual Machine in native code.
# See problematic frame for where to report the bug.
#

---------------  T H R E A D  ---------------

Current thread (0x0000000002175800):  JavaThread "Client thread" [_thread_in_native, id=5332, stack(0x0000000001b90000,0x0000000001c90000)]

siginfo: ExceptionCode=0xc0000005, reading address 0x0000000000000014

Registers:
RAX=0x00000000003cb400, RBX=0x0000000000000000, RCX=0x000000001c5500b0, RDX=0x00000000003ae260
RSP=0x0000000001c8e210, RBP=0x0000000001c8e2f9, RSI=0x0000000000000000, RDI=0x0000000000000000
R8 =0x000000001c5500b0, R9 =0x0000000000000000, R10=0x00000000003b7d90, R11=0x000000002bfabe00
R12=0x0000000000000000, R13=0x000000001c5e2110, R14=0x0000000000000000, R15=0x0000000000000001
RIP=0x00007ffeb58d187e, EFLAGS=0x0000000000010246

Top of Stack: (sp=0x0000000001c8e210)
0x0000000001c8e210:   000000001c5d0d1c 0000000000000001
0x0000000001c8e220:   000000001c6149b0 0000000000000000
0x0000000001c8e230:   0000000000000000 000000001c5d0d1c
0x0000000001c8e240:   000000001c6149a0 000000002bf6519c
0x0000000001c8e250:   000000001c60749c 000000001c60749c
0x0000000001c8e260:   000000002bf6519c 000000001c6a41ec
0x0000000001c8e270:   0000000001c8e390 00007ffeb5ee37b1
0x0000000001c8e280:   000000001c60749c 0000000000000000
0x0000000001c8e290:   0000000000000000 0000000000000000
0x0000000001c8e2a0:   3f8000003f800000 3f7f77773a997ae7
0x0000000001c8e2b0:   0000000000000000 000000003f800000
0x0000000001c8e2c0:   000000003f7f7777 0000000000000000
0x0000000001c8e2d0:   3f80000000000000 00007ffe00000000
0x0000000001c8e2e0:   000000002bff8510 0000000000442250
0x0000000001c8e2f0:   000000002bfabe20 000000001c5500b0
0x0000000001c8e300:   0000000000000000 0000000000000000 

Instructions: (pc=0x00007ffeb58d187e)
0x00007ffeb58d185e:   1f 00 48 39 06 75 04 48 8b 5e 08 48 8b 76 10 48
0x00007ffeb58d186e:   85 f6 75 ee 4c 8b 5d 47 4c 8b 45 3f 4c 8b 55 57
0x00007ffeb58d187e:   8b 73 14 41 0f b7 4a 6c 4d 8b 80 98 2b 01 00 49
0x00007ffeb58d188e:   8d 04 48 0f b6 14 01 48 8b 45 e7 48 8b 40 30 80 


Register to memory mapping:

RAX=0x00000000003cb400 is an unknown value
RBX=0x0000000000000000 is an unknown value
RCX=0x000000001c5500b0 is an unknown value
RDX=0x00000000003ae260 is an unknown value
RSP=0x0000000001c8e210 is pointing into the stack for thread: 0x0000000002175800
RBP=0x0000000001c8e2f9 is pointing into the stack for thread: 0x0000000002175800
RSI=0x0000000000000000 is an unknown value
RDI=0x0000000000000000 is an unknown value
R8 =0x000000001c5500b0 is an unknown value
R9 =0x0000000000000000 is an unknown value
R10=0x00000000003b7d90 is an unknown value
R11=0x000000002bfabe00 is an unknown value
R12=0x0000000000000000 is an unknown value
R13=0x000000001c5e2110 is an unknown value
R14=0x0000000000000000 is an unknown value
R15=0x0000000000000001 is an unknown value


Stack: [0x0000000001b90000,0x0000000001c90000],  sp=0x0000000001c8e210,  free space=1016k
Native frames: (J=compiled Java code, j=interpreted, Vv=VM code, C=native code)
C  [ig4icd64.dll+0x1187e]
C  [ig4icd64.dll+0xfb0b]
C  [ig4icd64.dll+0x499fe3]
C  [ig4icd64.dll+0xc6c77]
C  [ig4icd64.dll+0x9a2f0]
C  [ig4icd64.dll+0x30d55f]
C  [lwjgl64.dll+0xca77]
C  0x0000000002fd4582

Java frames: (J=compiled Java code, j=interpreted, Vv=VM code)
J 4860  org.lwjgl.opengl.GL11.nglCopyTexSubImage2D(IIIIIIIIJ)V (0 bytes) @ 0x0000000002fd44fc [0x0000000002fd4480+0x7c]
J 5697 C2 net.minecraft.client.gui.GuiMainMenu.rotateAndBlurSkybox(F)V (298 bytes) @ 0x0000000002fabc34 [0x0000000002fab7e0+0x454]
J 5695 C1 net.minecraft.client.gui.GuiMainMenu.renderSkybox(IIF)V (359 bytes) @ 0x0000000002ac229c [0x0000000002ac1c40+0x65c]
J 5833 C2 net.minecraft.client.gui.GuiMainMenu.drawScreen(IIF)V (831 bytes) @ 0x00000000031085dc [0x00000000031084e0+0xfc]
J 5679 C1 net.minecraft.client.renderer.EntityRenderer.func_181560_a(FJ)V (1011 bytes) @ 0x0000000002a8be04 [0x0000000002a86400+0x5a04]
J 5644 C1 net.minecraft.client.Minecraft.runGameLoop()V (964 bytes) @ 0x00000000032a64ac [0x00000000032a3da0+0x270c]
j  net.minecraft.client.Minecraft.run()V+54
j  net.minecraft.client.main.Main.main([Ljava/lang/String;)V+1065
j  Start.main([Ljava/lang/String;)V+66
v  ~StubRoutines::call_stub

---------------  P R O C E S S  ---------------

Java Threads: ( => current thread )
  0x000000001ba6c000 JavaThread "LWJGL Timer" daemon [_thread_blocked, id=5100, stack(0x0000000021730000,0x0000000021830000)]
  0x000000001ba6d800 JavaThread "AWT-Windows" daemon [_thread_in_native, id=744, stack(0x000000002ae00000,0x000000002af00000)]
  0x000000001ba6d000 JavaThread "Chunk Batcher 1" daemon [_thread_blocked, id=5308, stack(0x0000000023940000,0x0000000023a40000)]
  0x000000001ba69000 JavaThread "Chunk Batcher 0" daemon [_thread_blocked, id=5252, stack(0x0000000021530000,0x0000000021630000)]
  0x000000001ba6a800 JavaThread "Thread-65" [_thread_blocked, id=92, stack(0x0000000021630000,0x0000000021730000)]
  0x00000000179af800 JavaThread "Java2D Disposer" daemon [_thread_blocked, id=5552, stack(0x000000001cea0000,0x000000001cfa0000)]
  0x0000000017a8c800 JavaThread "Timer hack thread" daemon [_thread_blocked, id=4268, stack(0x000000001cda0000,0x000000001cea0000)]
  0x0000000019b30000 JavaThread "Snooper Timer" daemon [_thread_blocked, id=3508, stack(0x000000001c250000,0x000000001c350000)]
  0x0000000018470800 JavaThread "Snooper Timer" daemon [_thread_blocked, id=4896, stack(0x0000000018370000,0x0000000018470000)]
  0x000000001647c800 JavaThread "Service Thread" daemon [_thread_blocked, id=5868, stack(0x00000000167a0000,0x00000000168a0000)]
  0x00000000164ac000 JavaThread "C1 CompilerThread1" daemon [_thread_blocked, id=5664, stack(0x00000000166a0000,0x00000000167a0000)]
  0x00000000163b7000 JavaThread "C2 CompilerThread0" daemon [_thread_blocked, id=3880, stack(0x00000000165a0000,0x00000000166a0000)]
  0x0000000015899800 JavaThread "JDWP Command Reader" daemon [_thread_in_native, id=2640, stack(0x00000000160a0000,0x00000000161a0000)]
  0x0000000015897000 JavaThread "JDWP Event Helper Thread" daemon [_thread_blocked, id=4788, stack(0x0000000015fa0000,0x00000000160a0000)]
  0x0000000015891800 JavaThread "JDWP Transport Listener: dt_socket" daemon [_thread_blocked, id=3408, stack(0x0000000015ea0000,0x0000000015fa0000)]
  0x000000001587f000 JavaThread "Attach Listener" daemon [_thread_blocked, id=3132, stack(0x0000000015da0000,0x0000000015ea0000)]
  0x000000001587e000 JavaThread "Signal Dispatcher" daemon [_thread_blocked, id=5172, stack(0x0000000015ca0000,0x0000000015da0000)]
  0x000000001582e800 JavaThread "Surrogate Locker Thread (Concurrent GC)" daemon [_thread_blocked, id=4012, stack(0x0000000015ba0000,0x0000000015ca0000)]
  0x0000000015803800 JavaThread "Finalizer" daemon [_thread_blocked, id=4932, stack(0x0000000015aa0000,0x0000000015ba0000)]
  0x00000000157dc800 JavaThread "Reference Handler" daemon [_thread_blocked, id=6132, stack(0x00000000159a0000,0x0000000015aa0000)]
=>0x0000000002175800 JavaThread "Client thread" [_thread_in_native, id=5332, stack(0x0000000001b90000,0x0000000001c90000)]

Other Threads:
  0x00000000157d4000 VMThread [stack: 0x00000000158a0000,0x00000000159a0000] [id=2576]
  0x0000000016425000 WatcherThread [stack: 0x00000000168a0000,0x00000000169a0000] [id=4616]

VM state:not at safepoint (normal execution)

VM Mutex/Monitor currently owned by a thread: None

Heap:
 par new generation   total 153344K, used 44258K [0x00000000c0000000, 0x00000000ca660000, 0x00000000ca660000)
  eden space 136320K,  31% used [0x00000000c0000000, 0x00000000c2a7cf80, 0x00000000c8520000)
  from space 17024K,   4% used [0x00000000c8520000, 0x00000000c85dbb98, 0x00000000c95c0000)
  to   space 17024K,   0% used [0x00000000c95c0000, 0x00000000c95c0000, 0x00000000ca660000)
 concurrent mark-sweep generation total 878208K, used 80575K [0x00000000ca660000, 0x0000000100000000, 0x0000000100000000)
 Metaspace       used 49473K, capacity 49750K, committed 50336K, reserved 1093632K
  class space    used 5460K, capacity 5552K, committed 5596K, reserved 1048576K

Card table byte_map: [0x0000000011830000,0x0000000011a40000] byte_map_base: 0x0000000011230000

Marking Bits: (CMSBitMap*) 0x00000000021b4898
 Bits: [0x0000000011e10000, 0x0000000012b76800)

Mod Union Table: (CMSBitMap*) 0x00000000021b4958
 Bits: [0x0000000001c90000, 0x0000000001cc59a0)

Polling page: 0x0000000000310000

CodeCache: size=245760Kb used=14405Kb max_used=16289Kb free=231354Kb
 bounds [0x0000000002270000, 0x00000000032c0000, 0x0000000011270000]
 total_blobs=4796 nmethods=3987 adapters=729
 compilation: enabled

Compilation events (10 events):
Event: 316.341 Thread 0x00000000164ac000 5850       1       net.minecraft.profiler.PlayerUsageSnooper::getUniqueID (5 bytes)
Event: 316.341 Thread 0x00000000164ac000 nmethod 5850 0x000000000286ab90 code [0x000000000286ace0, 0x000000000286adf0]
Event: 321.503 Thread 0x00000000163b7000 5851       4       com.google.common.collect.HashBiMap$EntrySet::<init> (6 bytes)
Event: 321.504 Thread 0x00000000163b7000 nmethod 5851 0x000000000274d550 code [0x000000000274d680, 0x000000000274d6f8]
Event: 321.504 Thread 0x00000000163b7000 5852       4       com.google.common.collect.HashBiMap$EntrySet::<init> (10 bytes)
Event: 321.504 Thread 0x00000000164ac000 5853       2       com.google.common.collect.Maps$EntrySet::<init> (5 bytes)
Event: 321.504 Thread 0x00000000164ac000 nmethod 5853 0x00000000024fb090 code [0x00000000024fb1e0, 0x00000000024fb330]
Event: 321.504 Thread 0x00000000163b7000 nmethod 5852 0x00000000027938d0 code [0x0000000002793a00, 0x0000000002793a78]
Event: 321.504 Thread 0x00000000163b7000 5854       4       com.google.common.collect.HashBiMap$EntrySet::iterator (9 bytes)
Event: 321.506 Thread 0x00000000163b7000 nmethod 5854 0x00000000031be610 code [0x00000000031be760, 0x00000000031be898]

GC Heap History (10 events):
Event: 76.078 GC heap before
{Heap before GC invocations=13 (full 4):
 par new generation   total 153344K, used 137871K [0x00000000c0000000, 0x00000000ca660000, 0x00000000ca660000)
  eden space 136320K, 100% used [0x00000000c0000000, 0x00000000c8520000, 0x00000000c8520000)
  from space 17024K,   9% used [0x00000000c95c0000, 0x00000000c9743dc0, 0x00000000ca660000)
  to   space 17024K,   0% used [0x00000000c8520000, 0x00000000c8520000, 0x00000000c95c0000)
 concurrent mark-sweep generation total 878208K, used 80599K [0x00000000ca660000, 0x0000000100000000, 0x0000000100000000)
 Metaspace       used 37734K, capacity 38003K, committed 38432K, reserved 1083392K
  class space    used 4609K, capacity 4688K, committed 4700K, reserved 1048576K
Event: 76.084 GC heap after
Heap after GC invocations=14 (full 4):
 par new generation   total 153344K, used 2224K [0x00000000c0000000, 0x00000000ca660000, 0x00000000ca660000)
  eden space 136320K,   0% used [0x00000000c0000000, 0x00000000c0000000, 0x00000000c8520000)
  from space 17024K,  13% used [0x00000000c8520000, 0x00000000c874c018, 0x00000000c95c0000)
  to   space 17024K,   0% used [0x00000000c95c0000, 0x00000000c95c0000, 0x00000000ca660000)
 concurrent mark-sweep generation total 878208K, used 80599K [0x00000000ca660000, 0x0000000100000000, 0x0000000100000000)
 Metaspace       used 37734K, capacity 38003K, committed 38432K, reserved 1083392K
  class space    used 4609K, capacity 4688K, committed 4700K, reserved 1048576K
}
Event: 124.640 GC heap before
{Heap before GC invocations=14 (full 5):
 par new generation   total 153344K, used 138544K [0x00000000c0000000, 0x00000000ca660000, 0x00000000ca660000)
  eden space 136320K, 100% used [0x00000000c0000000, 0x00000000c8520000, 0x00000000c8520000)
  from space 17024K,  13% used [0x00000000c8520000, 0x00000000c874c018, 0x00000000c95c0000)
  to   space 17024K,   0% used [0x00000000c95c0000, 0x00000000c95c0000, 0x00000000ca660000)
 concurrent mark-sweep generation total 878208K, used 80599K [0x00000000ca660000, 0x0000000100000000, 0x0000000100000000)
 Metaspace       used 37743K, capacity 38003K, committed 38432K, reserved 1083392K
  class space    used 4609K, capacity 4688K, committed 4700K, reserved 1048576K
Event: 124.645 GC heap after
Heap after GC invocations=15 (full 5):
 par new generation   total 153344K, used 2068K [0x00000000c0000000, 0x00000000ca660000, 0x00000000ca660000)
  eden space 136320K,   0% used [0x00000000c0000000, 0x00000000c0000000, 0x00000000c8520000)
  from space 17024K,  12% used [0x00000000c95c0000, 0x00000000c97c5190, 0x00000000ca660000)
  to   space 17024K,   0% used [0x00000000c8520000, 0x00000000c8520000, 0x00000000c95c0000)
 concurrent mark-sweep generation total 878208K, used 80599K [0x00000000ca660000, 0x0000000100000000, 0x0000000100000000)
 Metaspace       used 37743K, capacity 38003K, committed 38432K, reserved 1083392K
  class space    used 4609K, capacity 4688K, committed 4700K, reserved 1048576K
}
Event: 187.269 GC heap before
{Heap before GC invocations=15 (full 5):
 par new generation   total 153344K, used 138388K [0x00000000c0000000, 0x00000000ca660000, 0x00000000ca660000)
  eden space 136320K, 100% used [0x00000000c0000000, 0x00000000c8520000, 0x00000000c8520000)
  from space 17024K,  12% used [0x00000000c95c0000, 0x00000000c97c5190, 0x00000000ca660000)
  to   space 17024K,   0% used [0x00000000c8520000, 0x00000000c8520000, 0x00000000c95c0000)
 concurrent mark-sweep generation total 878208K, used 80563K [0x00000000ca660000, 0x0000000100000000, 0x0000000100000000)
 Metaspace       used 40693K, capacity 40980K, committed 41376K, reserved 1085440K
  class space    used 4890K, capacity 4976K, committed 5084K, reserved 1048576K
Event: 187.277 GC heap after
Heap after GC invocations=16 (full 5):
 par new generation   total 153344K, used 2186K [0x00000000c0000000, 0x00000000ca660000, 0x00000000ca660000)
  eden space 136320K,   0% used [0x00000000c0000000, 0x00000000c0000000, 0x00000000c8520000)
  from space 17024K,  12% used [0x00000000c8520000, 0x00000000c8742ab8, 0x00000000c95c0000)
  to   space 17024K,   0% used [0x00000000c95c0000, 0x00000000c95c0000, 0x00000000ca660000)
 concurrent mark-sweep generation total 878208K, used 80563K [0x00000000ca660000, 0x0000000100000000, 0x0000000100000000)
 Metaspace       used 40693K, capacity 40980K, committed 41376K, reserved 1085440K
  class space    used 4890K, capacity 4976K, committed 5084K, reserved 1048576K
}
Event: 234.011 GC heap before
{Heap before GC invocations=16 (full 5):
 par new generation   total 153344K, used 131597K [0x00000000c0000000, 0x00000000ca660000, 0x00000000ca660000)
  eden space 136320K,  94% used [0x00000000c0000000, 0x00000000c7e60c00, 0x00000000c8520000)
  from space 17024K,  12% used [0x00000000c8520000, 0x00000000c8742ab8, 0x00000000c95c0000)
  to   space 17024K,   0% used [0x00000000c95c0000, 0x00000000c95c0000, 0x00000000ca660000)
 concurrent mark-sweep generation total 878208K, used 80563K [0x00000000ca660000, 0x0000000100000000, 0x0000000100000000)
 Metaspace       used 49437K, capacity 49750K, committed 50336K, reserved 1093632K
  class space    used 5459K, capacity 5552K, committed 5596K, reserved 1048576K
Event: 234.017 GC heap after
Heap after GC invocations=17 (full 5):
 par new generation   total 153344K, used 1092K [0x00000000c0000000, 0x00000000ca660000, 0x00000000ca660000)
  eden space 136320K,   0% used [0x00000000c0000000, 0x00000000c0000000, 0x00000000c8520000)
  from space 17024K,   6% used [0x00000000c95c0000, 0x00000000c96d1178, 0x00000000ca660000)
  to   space 17024K,   0% used [0x00000000c8520000, 0x00000000c8520000, 0x00000000c95c0000)
 concurrent mark-sweep generation total 878208K, used 80563K [0x00000000ca660000, 0x0000000100000000, 0x0000000100000000)
 Metaspace       used 49437K, capacity 49750K, committed 50336K, reserved 1093632K
  class space    used 5459K, capacity 5552K, committed 5596K, reserved 1048576K
}
Event: 234.096 GC heap before
{Heap before GC invocations=17 (full 6):
 par new generation   total 153344K, used 134233K [0x00000000c0000000, 0x00000000ca660000, 0x00000000ca660000)
  eden space 136320K,  97% used [0x00000000c0000000, 0x00000000c8205298, 0x00000000c8520000)
  from space 17024K,   6% used [0x00000000c95c0000, 0x00000000c96d1178, 0x00000000ca660000)
  to   space 17024K,   0% used [0x00000000c8520000, 0x00000000c8520000, 0x00000000c95c0000)
 concurrent mark-sweep generation total 878208K, used 80563K [0x00000000ca660000, 0x0000000100000000, 0x0000000100000000)
 Metaspace       used 49455K, capacity 49750K, committed 50336K, reserved 1093632K
  class space    used 5459K, capacity 5552K, committed 5596K, reserved 1048576K
Event: 234.101 GC heap after
Heap after GC invocations=18 (full 6):
 par new generation   total 153344K, used 750K [0x00000000c0000000, 0x00000000ca660000, 0x00000000ca660000)
  eden space 136320K,   0% used [0x00000000c0000000, 0x00000000c0000000, 0x00000000c8520000)
  from space 17024K,   4% used [0x00000000c8520000, 0x00000000c85dbb98, 0x00000000c95c0000)
  to   space 17024K,   0% used [0x00000000c95c0000, 0x00000000c95c0000, 0x00000000ca660000)
 concurrent mark-sweep generation total 878208K, used 80575K [0x00000000ca660000, 0x0000000100000000, 0x0000000100000000)
 Metaspace       used 49455K, capacity 49750K, committed 50336K, reserved 1093632K
  class space    used 5459K, capacity 5552K, committed 5596K, reserved 1048576K
}

Deoptimization events (10 events):
Event: 233.960 Thread 0x0000000002175800 Uncommon trap: reason=unstable_if action=reinterpret pc=0x0000000002389e80 method=net.minecraft.client.gui.FontRenderer.getUnicodePageLocation(I)Lnet/minecraft/util/ResourceLocation; @ 5
Event: 233.961 Thread 0x0000000002175800 Uncommon trap: reason=null_check action=make_not_entrant pc=0x00000000023af9e0 method=net.minecraft.client.renderer.texture.TextureManager.bindTexture(Lnet/minecraft/util/ResourceLocation;)V @ 21
Event: 233.966 Thread 0x0000000002175800 Uncommon trap: reason=unstable_if action=reinterpret pc=0x00000000027b73d0 method=net.minecraft.client.renderer.texture.AbstractTexture.getGlTextureId()I @ 5
Event: 234.021 Thread 0x0000000015803800 Uncommon trap: reason=null_check action=make_not_entrant pc=0x0000000002f40724 method=java.util.zip.ZipFile$ZipFileInflaterInputStream.close()V @ 40
Event: 234.052 Thread 0x0000000002175800 Uncommon trap: reason=unstable_if action=reinterpret pc=0x0000000002f68bc0 method=net.minecraft.client.renderer.GlStateManager.tryBlendFuncSeparate(IIII)V @ 27
Event: 234.488 Thread 0x0000000002175800 Uncommon trap: reason=unstable_if action=reinterpret pc=0x00000000023acc64 method=net.minecraft.client.renderer.GlStateManager.color(FFFF)V @ 30
Event: 234.828 Thread 0x0000000002175800 Uncommon trap: reason=unstable_if action=reinterpret pc=0x000000000307a334 method=net.minecraft.client.gui.FontRenderer.getCharWidthFloat(C)F @ 4
Event: 234.828 Thread 0x0000000002175800 Uncommon trap: reason=unstable_if action=reinterpret pc=0x0000000002ae86e0 method=net.minecraft.client.gui.FontRenderer.getCharWidthFloat(C)F @ 4
Event: 321.502 Thread 0x0000000002175800 Uncommon trap: reason=unhandled action=none pc=0x000000000273aa3c method=java.net.URLClassLoader.findClass(Ljava/lang/String;)Ljava/lang/Class; @ 44
Event: 334.298 Thread 0x0000000002175800 Uncommon trap: reason=unstable_if action=reinterpret pc=0x000000000307544c method=org.lwjgl.opengl.WindowsDisplay.update()V @ 40

Classes redefined (10 events):
Event: 207.508 Thread 0x00000000157d4000 redefined class name=shadersmod.client.SVertexBuilder, count=1
Event: 207.523 Thread 0x00000000157d4000 redefined class name=shadersmod.client.ShaderPackNone, count=1
Event: 207.537 Thread 0x00000000157d4000 redefined class name=shadersmod.client.ShaderPackParser$1, count=1
Event: 207.552 Thread 0x00000000157d4000 redefined class name=shadersmod.client.ShaderPackParser, count=1
Event: 207.567 Thread 0x00000000157d4000 redefined class name=shadersmod.client.ShaderUniformBase, count=1
Event: 207.581 Thread 0x00000000157d4000 redefined class name=shadersmod.client.ShaderUniformFloat4, count=2
Event: 207.596 Thread 0x00000000157d4000 redefined class name=shadersmod.client.ShaderUniformInt, count=2
Event: 207.613 Thread 0x00000000157d4000 redefined class name=shadersmod.client.Shaders, count=1
Event: 207.628 Thread 0x00000000157d4000 redefined class name=shadersmod.client.ShadersTex, count=1
Event: 207.643 Thread 0x00000000157d4000 redefined class name=shadersmod.common.SMCLog, count=1

Internal exceptions (10 events):
Event: 234.821 Thread 0x000000001ba6a800 Exception <a 'java/lang/InterruptedException': sleep interrupted> (0x00000000c2197238) thrown at [C:\re\workspace\8-2-build-windows-amd64-cygwin\jdk8u181\11358\hotspot\src\share\vm\prims\jvm.cpp, line 3273]
Event: 234.826 Thread 0x000000001ba6a800 Exception <a 'java/lang/InterruptedException': sleep interrupted> (0x00000000c2197ea8) thrown at [C:\re\workspace\8-2-build-windows-amd64-cygwin\jdk8u181\11358\hotspot\src\share\vm\prims\jvm.cpp, line 3273]
Event: 234.827 Thread 0x000000001ba6a800 Exception <a 'java/lang/InterruptedException': sleep interrupted> (0x00000000c2198100) thrown at [C:\re\workspace\8-2-build-windows-amd64-cygwin\jdk8u181\11358\hotspot\src\share\vm\prims\jvm.cpp, line 3273]
Event: 234.827 Thread 0x000000001ba6a800 Exception <a 'java/lang/InterruptedException': sleep interrupted> (0x00000000c2198358) thrown at [C:\re\workspace\8-2-build-windows-amd64-cygwin\jdk8u181\11358\hotspot\src\share\vm\prims\jvm.cpp, line 3273]
Event: 234.854 Thread 0x000000001ba6a800 Exception <a 'java/lang/InterruptedException': sleep interrupted> (0x00000000c2198770) thrown at [C:\re\workspace\8-2-build-windows-amd64-cygwin\jdk8u181\11358\hotspot\src\share\vm\prims\jvm.cpp, line 3273]
Event: 235.754 Thread 0x000000001ba6a800 Exception <a 'java/lang/InterruptedException': sleep interrupted> (0x00000000c21989c8) thrown at [C:\re\workspace\8-2-build-windows-amd64-cygwin\jdk8u181\11358\hotspot\src\share\vm\prims\jvm.cpp, line 3273]
Event: 238.970 Thread 0x000000001ba6a800 Exception <a 'java/lang/InterruptedException': sleep interrupted> (0x00000000c2198c20) thrown at [C:\re\workspace\8-2-build-windows-amd64-cygwin\jdk8u181\11358\hotspot\src\share\vm\prims\jvm.cpp, line 3273]
Event: 238.971 Thread 0x000000001ba6a800 Exception <a 'java/lang/InterruptedException': sleep interrupted> (0x00000000c21a1608) thrown at [C:\re\workspace\8-2-build-windows-amd64-cygwin\jdk8u181\11358\hotspot\src\share\vm\prims\jvm.cpp, line 3273]
Event: 238.971 Thread 0x000000001ba6a800 Exception <a 'java/lang/InterruptedException': sleep interrupted> (0x00000000c21a1860) thrown at [C:\re\workspace\8-2-build-windows-amd64-cygwin\jdk8u181\11358\hotspot\src\share\vm\prims\jvm.cpp, line 3273]
Event: 238.972 Thread 0x000000001ba6a800 Exception <a 'java/lang/InterruptedException': sleep interrupted> (0x00000000c21a1ab8) thrown at [C:\re\workspace\8-2-build-windows-amd64-cygwin\jdk8u181\11358\hotspot\src\share\vm\prims\jvm.cpp, line 3273]

Events (10 events):
Event: 292.622 Thread 0x00000000163b7000 flushing nmethod 0x0000000003091ed0
Event: 292.622 Thread 0x00000000163b7000 flushing nmethod 0x00000000030e2790
Event: 321.502 loading class com/google/common/collect/HashBiMap$1
Event: 321.502 loading class com/google/common/collect/HashBiMap$1 done
Event: 321.502 Thread 0x0000000002175800 Uncommon trap: trap_request=0xffffffa7 fr.pc=0x000000000273aa3c
Event: 321.502 Thread 0x0000000002175800 DEOPT PACKING pc=0x000000000273aa3c sp=0x0000000001c8db90
Event: 321.502 Thread 0x0000000002175800 DEOPT UNPACKING pc=0x00000000022b583b sp=0x0000000001c8da88 mode 2
Event: 334.298 Thread 0x0000000002175800 Uncommon trap: trap_request=0xffffff65 fr.pc=0x000000000307544c
Event: 334.298 Thread 0x0000000002175800 DEOPT PACKING pc=0x000000000307544c sp=0x0000000001c8ed10
Event: 334.298 Thread 0x0000000002175800 DEOPT UNPACKING pc=0x00000000022b583b sp=0x0000000001c8ec98 mode 2


Dynamic libraries:
0x00007ff690370000 - 0x00007ff6903a7000 	C:\Program Files\Java\jre1.8.0_181\bin\javaw.exe
0x00007ffed7350000 - 0x00007ffed74fd000 	C:\Windows\SYSTEM32\ntdll.dll
0x00007ffed4d20000 - 0x00007ffed4e5e000 	C:\Windows\system32\KERNEL32.DLL
0x00007ffed4600000 - 0x00007ffed4716000 	C:\Windows\system32\KERNELBASE.dll
0x00007ffed3040000 - 0x00007ffed30ce000 	C:\Windows\system32\apphelp.dll
0x00007ffec7f50000 - 0x00007ffec7fa4000 	C:\Windows\AppPatch\AppPatch64\AcGenral.DLL
0x00007ffed6a80000 - 0x00007ffed6b2a000 	C:\Windows\system32\msvcrt.dll
0x00007ffed4720000 - 0x00007ffed474e000 	C:\Windows\system32\SspiCli.dll
0x00007ffed70b0000 - 0x00007ffed7104000 	C:\Windows\system32\SHLWAPI.dll
0x00007ffed6900000 - 0x00007ffed6a77000 	C:\Windows\system32\USER32.dll
0x00007ffed6de0000 - 0x00007ffed6f74000 	C:\Windows\system32\ole32.dll
0x00007ffed5390000 - 0x00007ffed68bb000 	C:\Windows\system32\SHELL32.dll
0x00007ffed3a40000 - 0x00007ffed3a61000 	C:\Windows\SYSTEM32\USERENV.dll
0x00007ffed71e0000 - 0x00007ffed728a000 	C:\Windows\system32\ADVAPI32.dll
0x00007ffeca710000 - 0x00007ffeca72e000 	C:\Windows\SYSTEM32\MPR.dll
0x00007ffed4b60000 - 0x00007ffed4ca0000 	C:\Windows\system32\RPCRT4.dll
0x00007ffed7120000 - 0x00007ffed7179000 	C:\Windows\SYSTEM32\sechost.dll
0x00007ffed4e60000 - 0x00007ffed5070000 	C:\Windows\SYSTEM32\combase.dll
0x00007ffed49e0000 - 0x00007ffed4b2c000 	C:\Windows\system32\GDI32.dll
0x00007ffed4480000 - 0x00007ffed4495000 	C:\Windows\SYSTEM32\profapi.dll
0x00007ffed2860000 - 0x00007ffed2912000 	C:\Windows\SYSTEM32\SHCORE.dll
0x00007ffed68c0000 - 0x00007ffed68f6000 	C:\Windows\system32\IMM32.DLL
0x00007ffed5230000 - 0x00007ffed5381000 	C:\Windows\system32\MSCTF.dll
0x00007ffed23e0000 - 0x00007ffed265b000 	C:\Windows\WinSxS\amd64_microsoft.windows.common-controls_6595b64144ccf1df_6.0.9600.18006_none_623f33d3ecbe86e8\COMCTL32.dll
0x0000000056880000 - 0x0000000056952000 	C:\Program Files\Java\jre1.8.0_181\bin\msvcr100.dll
0x0000000055fd0000 - 0x0000000056872000 	C:\Program Files\Java\jre1.8.0_181\bin\server\jvm.dll
0x00007ffecb340000 - 0x00007ffecb349000 	C:\Windows\SYSTEM32\WSOCK32.dll
0x00007ffec6a60000 - 0x00007ffec6a82000 	C:\Windows\SYSTEM32\WINMM.dll
0x00007ffece520000 - 0x00007ffece52a000 	C:\Windows\SYSTEM32\VERSION.dll
0x00007ffed4b50000 - 0x00007ffed4b57000 	C:\Windows\system32\PSAPI.DLL
0x00007ffed6f80000 - 0x00007ffed6fda000 	C:\Windows\system32\WS2_32.dll
0x00007ffec6a30000 - 0x00007ffec6a5a000 	C:\Windows\SYSTEM32\WINMMBASE.dll
0x00007ffed4ca0000 - 0x00007ffed4ca9000 	C:\Windows\system32\NSI.dll
0x00007ffed45b0000 - 0x00007ffed45ff000 	C:\Windows\SYSTEM32\cfgmgr32.dll
0x00007ffed32a0000 - 0x00007ffed32c8000 	C:\Windows\SYSTEM32\DEVOBJ.dll
0x00000000573e0000 - 0x00000000573ef000 	C:\Program Files\Java\jre1.8.0_181\bin\verify.dll
0x00000000573b0000 - 0x00000000573d9000 	C:\Program Files\Java\jre1.8.0_181\bin\java.dll
0x0000000055f90000 - 0x0000000055fc5000 	C:\Program Files\Java\jre1.8.0_181\bin\jdwp.dll
0x00000000573a0000 - 0x00000000573a8000 	C:\Program Files\Java\jre1.8.0_181\bin\npt.dll
0x0000000055f60000 - 0x0000000055f83000 	C:\Program Files\Java\jre1.8.0_181\bin\instrument.dll
0x0000000055f40000 - 0x0000000055f56000 	C:\Program Files\Java\jre1.8.0_181\bin\zip.dll
0x0000000057390000 - 0x0000000057399000 	C:\Program Files\Java\jre1.8.0_181\bin\dt_socket.dll
0x00007ffecf980000 - 0x00007ffecf99b000 	C:\Windows\system32\NLAapi.dll
0x00007ffecb3f0000 - 0x00007ffecb405000 	C:\Windows\system32\napinsp.dll
0x00007ffec9a70000 - 0x00007ffec9a8a000 	C:\Windows\system32\pnrpnsp.dll
0x00007ffed3cb0000 - 0x00007ffed3d09000 	C:\Windows\System32\mswsock.dll
0x00007ffed3ab0000 - 0x00007ffed3b54000 	C:\Windows\SYSTEM32\DNSAPI.dll
0x00007ffec9c20000 - 0x00007ffec9c2d000 	C:\Windows\System32\winrnr.dll
0x00007ffecf3a0000 - 0x00007ffecf40b000 	C:\Windows\System32\fwpuclnt.dll
0x00007ffeccca0000 - 0x00007ffecccaa000 	C:\Windows\SYSTEM32\rasadhlp.dll
0x0000000055f30000 - 0x0000000055f3d000 	C:\Program Files\Java\jre1.8.0_181\bin\management.dll
0x0000000055f10000 - 0x0000000055f2a000 	C:\Program Files\Java\jre1.8.0_181\bin\net.dll
0x0000000055ef0000 - 0x0000000055f01000 	C:\Program Files\Java\jre1.8.0_181\bin\nio.dll
0x00007ffecf5d0000 - 0x00007ffecf5fa000 	C:\Windows\SYSTEM32\IPHLPAPI.DLL
0x00007ffecf5b0000 - 0x00007ffecf5ba000 	C:\Windows\SYSTEM32\WINNSI.DLL
0x0000000180000000 - 0x0000000180053000 	H:\Java 源码\Minecraft Mod Coder Pack\Client\Minecraft Coder Pack 1.8.9\jars\versions\1.8.9\1.8.9-natives\lwjgl64.dll
0x00007ffec7e20000 - 0x00007ffec7f4b000 	C:\Windows\SYSTEM32\OPENGL32.dll
0x00007ffec7df0000 - 0x00007ffec7e1e000 	C:\Windows\SYSTEM32\GLU32.dll
0x00007ffec7cf0000 - 0x00007ffec7de8000 	C:\Windows\SYSTEM32\DDRAW.dll
0x00007ffecc540000 - 0x00007ffecc549000 	C:\Windows\SYSTEM32\DCIMAN32.dll
0x00007ffed3d10000 - 0x00007ffed3d30000 	C:\Windows\SYSTEM32\CRYPTSP.dll
0x00007ffed3930000 - 0x00007ffed3966000 	C:\Windows\system32\rsaenh.dll
0x00007ffed3f60000 - 0x00007ffed3f86000 	C:\Windows\SYSTEM32\bcrypt.dll
0x00007ffed4280000 - 0x00007ffed42e3000 	C:\Windows\system32\bcryptprimitives.dll
0x00007ffed42f0000 - 0x00007ffed42fb000 	C:\Windows\SYSTEM32\CRYPTBASE.dll
0x00007ffecf410000 - 0x00007ffecf426000 	C:\Windows\SYSTEM32\dhcpcsvc6.DLL
0x00007ffecf210000 - 0x00007ffecf22a000 	C:\Windows\SYSTEM32\dhcpcsvc.DLL
0x0000000055d50000 - 0x0000000055ee9000 	C:\Program Files\Java\jre1.8.0_181\bin\awt.dll
0x00007ffed6fe0000 - 0x00007ffed70a6000 	C:\Windows\system32\OLEAUT32.dll
0x00007ffed3110000 - 0x00007ffed3239000 	C:\Windows\system32\uxtheme.dll
0x00007ffed2660000 - 0x00007ffed2681000 	C:\Windows\system32\dwmapi.dll
0x00007ffed3240000 - 0x00007ffed324b000 	C:\Windows\SYSTEM32\kernel.appcore.dll
0x00007ffeb58c0000 - 0x00007ffeb6544000 	C:\Windows\SYSTEM32\ig4icd64.dll
0x00007ffec2360000 - 0x00007ffec23f2000 	C:\Windows\SYSTEM32\mscms.dll
0x00007ffec1ba0000 - 0x00007ffec1be1000 	C:\Windows\SYSTEM32\icm32.dll
0x00000000196f0000 - 0x0000000019728000 	C:\Users\pp\AppData\Local\Temp\jna\jna6513579239249565864.dll
0x000000001bf90000 - 0x000000001bff4000 	H:\Java 源码\Minecraft Mod Coder Pack\Client\Minecraft Coder Pack 1.8.9\jars\versions\1.8.9\1.8.9-natives\OpenAL64.dll
0x00007ffed7290000 - 0x00007ffed7346000 	C:\Windows\SYSTEM32\clbcatq.dll
0x00007ffed1190000 - 0x00007ffed1200000 	C:\Windows\System32\MMDevApi.dll
0x00007ffebe310000 - 0x00007ffebe3ad000 	C:\Windows\SYSTEM32\dsound.dll
0x00007ffed4420000 - 0x00007ffed4466000 	C:\Windows\SYSTEM32\POWRPROF.dll
0x00007ffec4530000 - 0x00007ffec45ae000 	C:\Windows\SYSTEM32\AUDIOSES.DLL
0x0000000055d00000 - 0x0000000055d47000 	C:\Program Files\Java\jre1.8.0_181\bin\fontmanager.dll
0x0000000055cb0000 - 0x0000000055cf2000 	C:\Program Files\Java\jre1.8.0_181\bin\t2k.dll
0x0000000055c80000 - 0x0000000055caa000 	C:\Program Files\Java\jre1.8.0_181\bin\dcpr.dll
0x0000000055c40000 - 0x0000000055c71000 	C:\Program Files\Java\jre1.8.0_181\bin\jpeg.dll
0x00007ffebe770000 - 0x00007ffebe8f9000 	C:\Windows\SYSTEM32\dbghelp.dll

VM Arguments:
jvm_args: -agentlib:jdwp=transport=dt_socket,suspend=y,address=localhost:52944 -Xincgc -Xmx1024M -Xms1024M -Djava.library.path=H:\Java 源码\Minecraft Mod Coder Pack\Client\Minecraft Coder Pack 1.8.9\jars\versions\1.8.9\1.8.9-natives -javaagent:H:\Eclipse\Minecraft\eclipse\configuration\org.eclipse.osgi\237\0\.cp\lib\javaagent-shaded.jar -Dfile.encoding=GBK 
java_command: Start --username TNTChina
java_class_path (initial): C:\Program Files\Java\jre1.8.0_181\lib\resources.jar;C:\Program Files\Java\jre1.8.0_181\lib\rt.jar;C:\Program Files\Java\jre1.8.0_181\lib\jsse.jar;C:\Program Files\Java\jre1.8.0_181\lib\jce.jar;C:\Program Files\Java\jre1.8.0_181\lib\charsets.jar;C:\Program Files\Java\jre1.8.0_181\lib\jfr.jar;C:\Program Files\Java\jre1.8.0_181\lib\ext\access-bridge-64.jar;C:\Program Files\Java\jre1.8.0_181\lib\ext\cldrdata.jar;C:\Program Files\Java\jre1.8.0_181\lib\ext\dnsns.jar;C:\Program Files\Java\jre1.8.0_181\lib\ext\jaccess.jar;C:\Program Files\Java\jre1.8.0_181\lib\ext\jfxrt.jar;C:\Program Files\Java\jre1.8.0_181\lib\ext\localedata.jar;C:\Program Files\Java\jre1.8.0_181\lib\ext\nashorn.jar;C:\Program Files\Java\jre1.8.0_181\lib\ext\sunec.jar;C:\Program Files\Java\jre1.8.0_181\lib\ext\sunjce_provider.jar;C:\Program Files\Java\jre1.8.0_181\lib\ext\sunmscapi.jar;C:\Program Files\Java\jre1.8.0_181\lib\ext\sunpkcs11.jar;C:\Program Files\Java\jre1.8.0_181\lib\ext\zipfs.jar;H:\Java 源码\Minecraft Mod Coder Pack\Client\Minecraft Coder Pack 1.8.9\eclipse\Client\bin;H:\Java 源码\Minecraft Mod Coder Pack\Client\Minecraft Coder Pack 1.8.9\jars\libraries\oshi-project\oshi-core\1.1\oshi-core-1.1.jar;H:\Java 源码\Minecraft Mod Coder Pack\Client\Minecraft Coder Pack 1.8.9\jars\libraries\net\java\dev\jna\jna\3.4.0\jna-3.4.0.jar;H:\Java 源码\Minecraft Mod Coder Pack\Client\Minecraft Coder Pack 1.8.9\jars\libraries\net\java\dev\jna\platform\3.4.0\platform-3.4.0.jar;H:\Java 源码\Minecraft Mod Coder Pack\Client\Minecraft Coder Pack 1.8.9\jars\libraries\com\ibm\icu\icu4j-core-mojang\51.2\icu4j-core-mojang-51.2.jar;H:\Java 源码\Minecraft Mod Coder Pack\Client\Minecraft Coder Pack 1.8.9\jars\libraries\net\sf\jopt-simple\jopt-simple\4.6\jopt-simple-4.6.jar;H:\Java 源码\Minecraft Mod Coder Pack\Client\Minecraft Coder Pack 1.8.9\jars\libraries\com\paulscode\codecjorbis\20101023\codecjorbis-20101023.jar;H:\Java 源码\Minecraft Mod Coder Pack\Client\Minecraft Coder Pack 1.8.9\ja
Launcher Type: SUN_STANDARD

Environment Variables:
JAVA_HOME=C:\Program Files\Java\jdk1.8.0_181
CLASSPATH=.;.;C:\PROGRA~2\JMF21~1.1E\lib\sound.jar;C:\PROGRA~2\JMF21~1.1E\lib\jmf.jar;C:\PROGRA~2\JMF21~1.1E\lib;
PATH=C:/Program Files/Java/jdk1.8.0_181/bin/../jre/bin/server;C:/Program Files/Java/jdk1.8.0_181/bin/../jre/bin;C:/Program Files/Java/jdk1.8.0_181/bin/../jre/lib/amd64;C:\Windows\system32;C:\Windows;C:\Windows\System32\Wbem;C:\Windows\System32\WindowsPowerShell\v1.0\;C:\Program Files (x86)\Intel\OpenCL SDK\2.0\bin\x86;C:\Program Files (x86)\Intel\OpenCL SDK\2.0\bin\x64;C:\Program Files\Java\jdk1.8.0_181\bin;C:\Program Files\Java\jdk1.8.0_181\jre\bin;H:\MinGW\bin;C:\Program Files\Git\cmd;C:\Program Files\Bandizip\;H:\Eclipse\Minecraft\eclipse;
USERNAME=pp
OS=Windows_NT
PROCESSOR_IDENTIFIER=Intel64 Family 6 Model 42 Stepping 7, GenuineIntel



---------------  S Y S T E M  ---------------

OS: Windows 8.1 , 64 bit Build 9600 (6.3.9600.17415)

CPU:total 2 (initial active 2) (2 cores per cpu, 1 threads per core) family 6 model 42 stepping 7, cmov, cx8, fxsr, mmx, sse, sse2, sse3, ssse3, sse4.1, sse4.2, popcnt, clmul, tsc, tscinvbit

Memory: 4k page, physical 8279848k(4234388k free), swap 9590568k(4123388k free)

vm_info: Java HotSpot(TM) 64-Bit Server VM (25.181-b13) for windows-amd64 JRE (1.8.0_181-b13), built on Jul  7 2018 04:01:33 by "java_re" with MS VC++ 10.0 (VS2010)

time: Sat Mar 09 11:51:54 2019
elapsed time: 335 seconds (0d 0h 5m 35s)

